0 info it worked if it ends with ok
1 verbose cli [ '/usr/bin/node', '/usr/bin/npm', 'run', 'buildRun' ]
2 info using npm@3.5.2
3 info using node@v8.10.0
4 verbose run-script [ 'prebuildRun', 'buildRun', 'postbuildRun' ]
5 info lifecycle wechat-bot@1.0.0~prebuildRun: wechat-bot@1.0.0
6 silly lifecycle wechat-bot@1.0.0~prebuildRun: no script for prebuildRun, continuing
7 info lifecycle wechat-bot@1.0.0~buildRun: wechat-bot@1.0.0
8 verbose lifecycle wechat-bot@1.0.0~buildRun: unsafe-perm in lifecycle true
9 verbose lifecycle wechat-bot@1.0.0~buildRun: PATH: /usr/share/npm/bin/node-gyp-bin:/home/gjuoun/wechat-bot-server/wechat-bot/node_modules/.bin:/root/.vscode-server/bin/ff915844119ce9485abfe8aa9076ec76b5300ddd/bin:/root/.vscode-server/bin/ff915844119ce9485abfe8aa9076ec76b5300ddd/bin:/usr/local/sbin:/usr/local/bin:/usr/sbin:/usr/bin:/sbin:/bin:/usr/games:/usr/local/games
10 verbose lifecycle wechat-bot@1.0.0~buildRun: CWD: /home/gjuoun/wechat-bot-server/wechat-bot
11 silly lifecycle wechat-bot@1.0.0~buildRun: Args: [ '-c', 'tsc & node ./dist/app.js' ]
12 silly lifecycle wechat-bot@1.0.0~buildRun: Returned: code: 1  signal: null
13 info lifecycle wechat-bot@1.0.0~buildRun: Failed to exec buildRun script
14 verbose stack Error: wechat-bot@1.0.0 buildRun: `tsc & node ./dist/app.js`
14 verbose stack Exit status 1
14 verbose stack     at EventEmitter.<anonymous> (/usr/share/npm/lib/utils/lifecycle.js:232:16)
14 verbose stack     at emitTwo (events.js:126:13)
14 verbose stack     at EventEmitter.emit (events.js:214:7)
14 verbose stack     at ChildProcess.<anonymous> (/usr/share/npm/lib/utils/spawn.js:24:14)
14 verbose stack     at emitTwo (events.js:126:13)
14 verbose stack     at ChildProcess.emit (events.js:214:7)
14 verbose stack     at maybeClose (internal/child_process.js:925:16)
14 verbose stack     at Process.ChildProcess._handle.onexit (internal/child_process.js:209:5)
15 verbose pkgid wechat-bot@1.0.0
16 verbose cwd /home/gjuoun/wechat-bot-server/wechat-bot
17 error Linux 4.4.59+
18 error argv "/usr/bin/node" "/usr/bin/npm" "run" "buildRun"
19 error node v8.10.0
20 error npm  v3.5.2
21 error code ELIFECYCLE
22 error wechat-bot@1.0.0 buildRun: `tsc & node ./dist/app.js`
22 error Exit status 1
23 error Failed at the wechat-bot@1.0.0 buildRun script 'tsc & node ./dist/app.js'.
23 error Make sure you have the latest version of node.js and npm installed.
23 error If you do, this is most likely a problem with the wechat-bot package,
23 error not with npm itself.
23 error Tell the author that this fails on your system:
23 error     tsc & node ./dist/app.js
23 error You can get information on how to open an issue for this project with:
23 error     npm bugs wechat-bot
23 error Or if that isn't available, you can get their info via:
23 error     npm owner ls wechat-bot
23 error There is likely additional logging output above.
24 verbose exit [ 1, true ]
